build/app/intermediates/manifest_merge_blame_file/release/manifest-merger-blame-release-report.txt
1<?xml version="1.0" encoding="utf-8"?>
2<manifest xmlns:android="http://schemas.android.com/apk/res/android"
3    package="com.example.wallpaper_haven"
4    android:versionCode="1"
5    android:versionName="1.0.0" >
6
7    <uses-sdk
8        android:minSdkVersion="16"
8-->src\main\AndroidManifest.xml
9        android:targetSdkVersion="28" />
9-->src\main\AndroidManifest.xml
10
11    <uses-permission android:name="android.permission.INTERNET" />
11-->src\main\AndroidManifest.xml:3:5-67
11-->src\main\AndroidManifest.xml:3:22-64
12    <uses-permission
12-->src\main\AndroidManifest.xml:4:5-6:35
13        android:name="android.permission.WRITE_EXTERNAL_STORAGE"
13-->src\main\AndroidManifest.xml:5:6-62
14        android:maxSdkVersion="31" />
14-->src\main\AndroidManifest.xml:6:6-32
15    <uses-permission android:name="android.permission.ACCESS_NETWORK_STATE" />
15-->[com.google.android.gms:play-services-measurement:17.4.1] AndroidManifest.xml:24:5-79
15-->[com.google.android.gms:play-services-measurement:17.4.1] AndroidManifest.xml:24:22-76
16    <uses-permission android:name="android.permission.WAKE_LOCK" />
16-->[com.google.android.gms:play-services-measurement:17.4.1] AndroidManifest.xml:25:5-68
16-->[com.google.android.gms:play-services-measurement:17.4.1] AndroidManifest.xml:25:22-65
17    <uses-permission android:name="com.google.android.finsky.permission.BIND_GET_INSTALL_REFERRER_SERVICE" /> <!-- Required by older versions of Google Play services to create IID tokens -->
17-->[com.google.android.gms:play-services-measurement:17.4.1] AndroidManifest.xml:26:5-110
17-->[com.google.android.gms:play-services-measurement:17.4.1] AndroidManifest.xml:26:22-107
18    <uses-permission android:name="com.google.android.c2dm.permission.RECEIVE" />
18-->[com.google.firebase:firebase-iid:20.1.5] AndroidManifest.xml:26:5-82
18-->[com.google.firebase:firebase-iid:20.1.5] AndroidManifest.xml:26:22-79
19    <!--
20 io.flutter.app.FlutterApplication is an android.app.Application that
21         calls FlutterMain.startInitialization(this); in its onCreate method.
22         In most cases you can leave this as-is, but you if you want to provide
23         additional functionality it is fine to subclass or reimplement
24         FlutterApplication and put your custom class here.
25    -->
26    <application
26-->src\main\AndroidManifest.xml:12:5-50:19
27        android:name="io.flutter.app.FlutterApplication"
27-->src\main\AndroidManifest.xml:13:9-57
28        android:appComponentFactory="androidx.core.app.CoreComponentFactory"
28-->[androidx.core:core:1.1.0] AndroidManifest.xml:24:18-86
29        android:icon="@mipmap/ic_launcher"
29-->src\main\AndroidManifest.xml:15:9-43
30        android:label="wallpaper_haven" >
30-->src\main\AndroidManifest.xml:14:9-40
31        <activity
31-->src\main\AndroidManifest.xml:16:9-44:20
32            android:name="com.example.wallpaper_haven.MainActivity"
32-->src\main\AndroidManifest.xml:17:13-41
33            android:configChanges="orientation|keyboardHidden|keyboard|screenSize|smallestScreenSize|locale|layoutDirection|fontScale|screenLayout|density|uiMode"
33-->src\main\AndroidManifest.xml:20:13-163
34            android:hardwareAccelerated="true"
34-->src\main\AndroidManifest.xml:21:13-47
35            android:launchMode="singleTop"
35-->src\main\AndroidManifest.xml:18:13-43
36            android:theme="@style/LaunchTheme"
36-->src\main\AndroidManifest.xml:19:13-47
37            android:windowSoftInputMode="adjustResize" >
37-->src\main\AndroidManifest.xml:22:13-55
38
39            <!--
40                 Specifies an Android theme to apply to this Activity as soon as
41                 the Android process has started. This theme is visible to the user
42                 while the Flutter UI initializes. After that, this theme continues
43                 to determine the Window background behind the Flutter UI.
44            -->
45            <meta-data
45-->src\main\AndroidManifest.xml:27:13-30:17
46                android:name="io.flutter.embedding.android.NormalTheme"
46-->src\main\AndroidManifest.xml:28:15-70
47                android:resource="@style/NormalTheme" />
47-->src\main\AndroidManifest.xml:29:15-52
48            <!--
49                 Displays an Android View that continues showing the launch screen
50                 Drawable until Flutter paints its first frame, then this splash
51                 screen fades out. A splash screen is useful to avoid any visual
52                 gap between the end of Android's launch screen and the painting of
53                 Flutter's first frame.
54            -->
55            <meta-data
55-->src\main\AndroidManifest.xml:36:13-39:17
56                android:name="io.flutter.embedding.android.SplashScreenDrawable"
56-->src\main\AndroidManifest.xml:37:15-79
57                android:resource="@drawable/launch_background" />
57-->src\main\AndroidManifest.xml:38:15-61
58
59            <intent-filter>
59-->src\main\AndroidManifest.xml:40:13-43:29
60                <action android:name="android.intent.action.MAIN" />
60-->src\main\AndroidManifest.xml:41:17-68
60-->src\main\AndroidManifest.xml:41:25-66
61
62                <category android:name="android.intent.category.LAUNCHER" />
62-->src\main\AndroidManifest.xml:42:17-76
62-->src\main\AndroidManifest.xml:42:27-74
63            </intent-filter>
64        </activity>
65        <!--
66             Don't delete the meta-data below.
67             This is used by the Flutter tool to generate GeneratedPluginRegistrant.java
68        -->
69        <meta-data
69-->src\main\AndroidManifest.xml:47:9-49:33
70            android:name="flutterEmbedding"
70-->src\main\AndroidManifest.xml:48:13-44
71            android:value="2" />
71-->src\main\AndroidManifest.xml:49:13-30
72
73        <activity
73-->[:url_launcher] AndroidManifest.xml:8:9-11:74
74            android:name="io.flutter.plugins.urllauncher.WebViewActivity"
74-->[:url_launcher] AndroidManifest.xml:9:13-74
75            android:exported="false"
75-->[:url_launcher] AndroidManifest.xml:10:13-37
76            android:theme="@android:style/Theme.NoTitleBar.Fullscreen" />
76-->[:url_launcher] AndroidManifest.xml:11:13-71
77
78        <service
78-->[:firebase_core] AndroidManifest.xml:8:9-12:19
79            android:name="com.google.firebase.components.ComponentDiscoveryService"
79-->[:firebase_core] AndroidManifest.xml:8:18-89
80            android:directBootAware="true"
80-->[com.google.firebase:firebase-common:19.3.0] AndroidManifest.xml:34:13-43
81            android:exported="false" >
81-->[com.google.android.gms:play-services-measurement-api:17.4.1] AndroidManifest.xml:29:13-37
82            <meta-data
82-->[:firebase_core] AndroidManifest.xml:9:13-11:85
83                android:name="com.google.firebase.components:io.flutter.plugins.firebase.core.FlutterFirebaseCoreRegistrar"
83-->[:firebase_core] AndroidManifest.xml:10:17-124
84                android:value="com.google.firebase.components.ComponentRegistrar" />
84-->[:firebase_core] AndroidManifest.xml:11:17-82
85            <meta-data
85-->[com.google.android.gms:play-services-measurement-api:17.4.1] AndroidManifest.xml:30:13-32:85
86                android:name="com.google.firebase.components:com.google.firebase.analytics.connector.internal.AnalyticsConnectorRegistrar"
86-->[com.google.android.gms:play-services-measurement-api:17.4.1] AndroidManifest.xml:31:17-139
87                android:value="com.google.firebase.components.ComponentRegistrar" />
87-->[com.google.android.gms:play-services-measurement-api:17.4.1] AndroidManifest.xml:32:17-82
88            <meta-data
88-->[com.google.firebase:firebase-iid:20.1.5] AndroidManifest.xml:32:13-34:85
89                android:name="com.google.firebase.components:com.google.firebase.iid.Registrar"
89-->[com.google.firebase:firebase-iid:20.1.5] AndroidManifest.xml:33:17-96
90                android:value="com.google.firebase.components.ComponentRegistrar" />
90-->[com.google.firebase:firebase-iid:20.1.5] AndroidManifest.xml:34:17-82
91            <meta-data
91-->[com.google.firebase:firebase-installations:16.2.1] AndroidManifest.xml:17:13-19:85
92                android:name="com.google.firebase.components:com.google.firebase.installations.FirebaseInstallationsRegistrar"
92-->[com.google.firebase:firebase-installations:16.2.1] AndroidManifest.xml:18:17-127
93                android:value="com.google.firebase.components.ComponentRegistrar" />
93-->[com.google.firebase:firebase-installations:16.2.1] AndroidManifest.xml:19:17-82
94        </service>
95
96        <receiver
96-->[com.google.android.gms:play-services-measurement:17.4.1] AndroidManifest.xml:29:9-33:20
97            android:name="com.google.android.gms.measurement.AppMeasurementReceiver"
97-->[com.google.android.gms:play-services-measurement:17.4.1] AndroidManifest.xml:30:13-85
98            android:enabled="true"
98-->[com.google.android.gms:play-services-measurement:17.4.1] AndroidManifest.xml:31:13-35
99            android:exported="false" >
99-->[com.google.android.gms:play-services-measurement:17.4.1] AndroidManifest.xml:32:13-37
100        </receiver>
101
102        <service
102-->[com.google.android.gms:play-services-measurement:17.4.1] AndroidManifest.xml:35:9-38:40
103            android:name="com.google.android.gms.measurement.AppMeasurementService"
103-->[com.google.android.gms:play-services-measurement:17.4.1] AndroidManifest.xml:36:13-84
104            android:enabled="true"
104-->[com.google.android.gms:play-services-measurement:17.4.1] AndroidManifest.xml:37:13-35
105            android:exported="false" />
105-->[com.google.android.gms:play-services-measurement:17.4.1] AndroidManifest.xml:38:13-37
106        <service
106-->[com.google.android.gms:play-services-measurement:17.4.1] AndroidManifest.xml:39:9-43:72
107            android:name="com.google.android.gms.measurement.AppMeasurementJobService"
107-->[com.google.android.gms:play-services-measurement:17.4.1] AndroidManifest.xml:40:13-87
108            android:enabled="true"
108-->[com.google.android.gms:play-services-measurement:17.4.1] AndroidManifest.xml:41:13-35
109            android:exported="false"
109-->[com.google.android.gms:play-services-measurement:17.4.1] AndroidManifest.xml:42:13-37
110            android:permission="android.permission.BIND_JOB_SERVICE" /> <!-- Include the AdActivity and InAppPurchaseActivity configChanges and themes. -->
110-->[com.google.android.gms:play-services-measurement:17.4.1] AndroidManifest.xml:43:13-69
111        <activity
111-->[com.google.android.gms:play-services-ads-lite:19.1.0] AndroidManifest.xml:29:9-33:64
112            android:name="com.google.android.gms.ads.AdActivity"
112-->[com.google.android.gms:play-services-ads-lite:19.1.0] AndroidManifest.xml:30:13-65
113            android:configChanges="keyboard|keyboardHidden|orientation|screenLayout|uiMode|screenSize|smallestScreenSize"
113-->[com.google.android.gms:play-services-ads-lite:19.1.0] AndroidManifest.xml:31:13-122
114            android:exported="false"
114-->[com.google.android.gms:play-services-ads-lite:19.1.0] AndroidManifest.xml:32:13-37
115            android:theme="@android:style/Theme.Translucent" />
115-->[com.google.android.gms:play-services-ads-lite:19.1.0] AndroidManifest.xml:33:13-61
116
117        <provider
117-->[com.google.android.gms:play-services-ads-lite:19.1.0] AndroidManifest.xml:35:9-39:39
118            android:name="com.google.android.gms.ads.MobileAdsInitProvider"
118-->[com.google.android.gms:play-services-ads-lite:19.1.0] AndroidManifest.xml:36:13-76
119            android:authorities="com.example.wallpaper_haven.mobileadsinitprovider"
119-->[com.google.android.gms:play-services-ads-lite:19.1.0] AndroidManifest.xml:37:13-73
120            android:exported="false"
120-->[com.google.android.gms:play-services-ads-lite:19.1.0] AndroidManifest.xml:38:13-37
121            android:initOrder="100" />
121-->[com.google.android.gms:play-services-ads-lite:19.1.0] AndroidManifest.xml:39:13-36
122
123        <receiver
123-->[com.google.firebase:firebase-iid:20.1.5] AndroidManifest.xml:37:9-44:20
124            android:name="com.google.firebase.iid.FirebaseInstanceIdReceiver"
124-->[com.google.firebase:firebase-iid:20.1.5] AndroidManifest.xml:38:13-78
125            android:exported="true"
125-->[com.google.firebase:firebase-iid:20.1.5] AndroidManifest.xml:39:13-36
126            android:permission="com.google.android.c2dm.permission.SEND" >
126-->[com.google.firebase:firebase-iid:20.1.5] AndroidManifest.xml:40:13-73
127            <intent-filter>
127-->[com.google.firebase:firebase-iid:20.1.5] AndroidManifest.xml:41:13-43:29
128                <action android:name="com.google.android.c2dm.intent.RECEIVE" />
128-->[com.google.firebase:firebase-iid:20.1.5] AndroidManifest.xml:42:17-81
128-->[com.google.firebase:firebase-iid:20.1.5] AndroidManifest.xml:42:25-78
129            </intent-filter>
130        </receiver>
131
132        <provider
132-->[com.google.firebase:firebase-common:19.3.0] AndroidManifest.xml:26:9-30:39
133            android:name="com.google.firebase.provider.FirebaseInitProvider"
133-->[com.google.firebase:firebase-common:19.3.0] AndroidManifest.xml:27:13-77
134            android:authorities="com.example.wallpaper_haven.firebaseinitprovider"
134-->[com.google.firebase:firebase-common:19.3.0] AndroidManifest.xml:28:13-72
135            android:exported="false"
135-->[com.google.firebase:firebase-common:19.3.0] AndroidManifest.xml:29:13-37
136            android:initOrder="100" />
136-->[com.google.firebase:firebase-common:19.3.0] AndroidManifest.xml:30:13-36
137
138        <activity
138-->[com.google.android.gms:play-services-base:17.0.0] AndroidManifest.xml:23:9-26:75
139            android:name="com.google.android.gms.common.api.GoogleApiActivity"
139-->[com.google.android.gms:play-services-base:17.0.0] AndroidManifest.xml:24:13-79
140            android:exported="false"
140-->[com.google.android.gms:play-services-base:17.0.0] AndroidManifest.xml:25:13-37
141            android:theme="@android:style/Theme.Translucent.NoTitleBar" />
141-->[com.google.android.gms:play-services-base:17.0.0] AndroidManifest.xml:26:13-72
142
143        <meta-data
143-->[com.google.android.gms:play-services-basement:17.0.0] AndroidManifest.xml:23:9-25:69
144            android:name="com.google.android.gms.version"
144-->[com.google.android.gms:play-services-basement:17.0.0] AndroidManifest.xml:24:13-58
145            android:value="@integer/google_play_services_version" />
145-->[com.google.android.gms:play-services-basement:17.0.0] AndroidManifest.xml:25:13-66
146    </application>
147
148</manifest>